d:\projects\tesla-work\sdks\squirrel3\squirrel\release\vc120.pdb
d:\projects\tesla-work\sdks\squirrel3\squirrel\release\sqvm.obj
d:\projects\tesla-work\sdks\squirrel3\squirrel\release\sqclass.obj
d:\projects\tesla-work\sdks\squirrel3\squirrel\release\sqtable.obj
d:\projects\tesla-work\sdks\squirrel3\squirrel\release\sqstate.obj
d:\projects\tesla-work\sdks\squirrel3\squirrel\release\sqobject.obj
d:\projects\tesla-work\sdks\squirrel3\squirrel\release\sqmem.obj
d:\projects\tesla-work\sdks\squirrel3\squirrel\release\sqlexer.obj
d:\projects\tesla-work\sdks\squirrel3\squirrel\release\sqfuncstate.obj
d:\projects\tesla-work\sdks\squirrel3\squirrel\release\sqdebug.obj
d:\projects\tesla-work\sdks\squirrel3\squirrel\release\sqcompiler.obj
d:\projects\tesla-work\sdks\squirrel3\squirrel\release\sqbaselib.obj
d:\projects\tesla-work\sdks\squirrel3\squirrel\release\sqapi.obj
d:\projects\tesla-work\sdks\squirrel3\lib\squirrel.lib
d:\projects\tesla-work\sdks\squirrel3\squirrel\release\squirrel.tlog\cl.command.1.tlog
d:\projects\tesla-work\sdks\squirrel3\squirrel\release\squirrel.tlog\cl.read.1.tlog
d:\projects\tesla-work\sdks\squirrel3\squirrel\release\squirrel.tlog\cl.write.1.tlog
d:\projects\tesla-work\sdks\squirrel3\squirrel\release\squirrel.tlog\lib-link.read.1.tlog
d:\projects\tesla-work\sdks\squirrel3\squirrel\release\squirrel.tlog\lib-link.write.1.tlog
d:\projects\tesla-work\sdks\squirrel3\squirrel\release\squirrel.tlog\lib.command.1.tlog
