D:\Projects\DirectXhook\DirectXhook\Release\cl.command.1.tlog
D:\Projects\DirectXhook\DirectXhook\Release\CL.read.1.tlog
D:\Projects\DirectXhook\DirectXhook\Release\CL.write.1.tlog
D:\PROJECTS\DIRECTXHOOK\DIRECTXHOOK\RELEASE\DIRECTXHOOK.DLL.INTERMEDIATE.MANIFEST
D:\PROJECTS\DIRECTXHOOK\DIRECTXHOOK\RELEASE\DIRECTXHOOK.OBJ
D:\PROJECTS\DIRECTXHOOK\DIRECTXHOOK\RELEASE\DIRECTXHOOK.PCH
D:\Projects\DirectXhook\DirectXhook\Release\DirectXhook.write.1.tlog
D:\PROJECTS\DIRECTXHOOK\DIRECTXHOOK\RELEASE\DLLMAIN.OBJ
D:\PROJECTS\DIRECTXHOOK\DIRECTXHOOK\RELEASE\CHAT.OBJ
D:\PROJECTS\DIRECTXHOOK\DIRECTXHOOK\RELEASE\INPUT.OBJ
D:\Projects\DirectXhook\DirectXhook\Release\link.command.1.tlog
D:\Projects\DirectXhook\DirectXhook\Release\link.read.1.tlog
D:\Projects\DirectXhook\DirectXhook\Release\link.write.1.tlog
D:\Projects\DirectXhook\DirectXhook\Release\mt.command.1.tlog
D:\Projects\DirectXhook\DirectXhook\Release\mt.read.1.tlog
D:\Projects\DirectXhook\DirectXhook\Release\mt.write.1.tlog
D:\PROJECTS\DIRECTXHOOK\DIRECTXHOOK\RELEASE\STDAFX.OBJ
D:\PROJECTS\DIRECTXHOOK\DIRECTXHOOK\RELEASE\VC100.PDB
D:\PROJECTS\DIRECTXHOOK\RELEASE\DIRECTXHOOK.DLL
D:\PROJECTS\DIRECTXHOOK\RELEASE\DIRECTXHOOK.PDB
