Build started 19. 8. 2013 21:09:48.
Project "\\Vboxsvr\vb\DirectXhook\DirectXhook\DirectXhook.vcxproj" on node 2 (build target(s)).
InitializeBuildStatus:
  Touching "Release\DirectXhook.unsuccessfulbuild".
ClCompile:
  All outputs are up-to-date.
  All outputs are up-to-date.
  All outputs are up-to-date.
Link:
  C:\Program Files\Microsoft Visual Studio 10.0\VC\bin\link.exe /ERRORREPORT:PROMPT /OUT:"\\Vboxsvr\vb\DirectXhook\Release\DirectXhook.dll" /INCREMENTAL:NO /NOLOGO /LIBPATH:\\Vboxsvr\vb\DirectX9SDK2007\Lib /LIBPATH:\\Vboxsvr\vb\detours\lib /LIBPATH:\\Vboxsvr\vb\dx8sdk\lib kernel32.lib user32.lib gdi32.lib winspool.lib comdlg32.lib advapi32.lib shell32.lib ole32.lib oleaut32.lib uuid.lib odbc32.lib odbccp32.lib /NODEFAULTLIB:libci.lib /MANIFEST /ManifestFile:"Release\DirectXhook.dll.intermediate.manifest" /MANIFESTUAC:"level='asInvoker' uiAccess='false'" /DEBUG /PDB:"\\Vboxsvr\vb\DirectXhook\Release\DirectXhook.pdb" /SUBSYSTEM:WINDOWS /OPT:REF /OPT:ICF /LTCG /TLBID:1 /DYNAMICBASE /NXCOMPAT /IMPLIB:"\\Vboxsvr\vb\DirectXhook\Release\DirectXhook.lib" /MACHINE:X86 /DLL Release\chat.obj
  Release\DirectXhook.obj
  Release\dllmain.obj
  Release\Input.obj
  Release\stdafx.obj
  Generating code
  Finished generating code
  DirectXhook.vcxproj -> \\Vboxsvr\vb\DirectXhook\Release\DirectXhook.dll
Manifest:
  C:\Program Files\Microsoft SDKs\Windows\v7.0A\bin\mt.exe /nologo /verbose /outputresource:"\\Vboxsvr\vb\DirectXhook\Release\DirectXhook.dll;#2" /manifest Release\DirectXhook.dll.intermediate.manifest
FinalizeBuildStatus:
  Deleting file "Release\DirectXhook.unsuccessfulbuild".
  Touching "Release\DirectXhook.lastbuildstate".
Done Building Project "\\Vboxsvr\vb\DirectXhook\DirectXhook\DirectXhook.vcxproj" (build target(s)).

Build succeeded.

Time Elapsed 00:00:02.70
