Build started 27. 7. 2013 13:04:23.
     1>Project "D:\Projects\DirectXhook\Hook\Hook.vcxproj" on node 2 (rebuild target(s)).
     1>_PrepareForClean:
         Deleting file "Release\Hook.lastbuildstate".
       InitializeBuildStatus:
         Creating "Release\Hook.unsuccessfulbuild" because "AlwaysCreate" was specified.
       ClCompile:
         D:\Programy\Microsoft Visual Studio 10.0\VC\bin\CL.exe /c /Zi /nologo /W3 /WX- /O2 /Oi /Oy- /GL /D WIN32 /D NDEBUG /D _WINDOWS /D _USRDLL /D HOOK_EXPORTS /D _WINDLL /D _UNICODE /D UNICODE /Gm- /EHsc /MD /GS /Gy /fp:precise /Zc:wchar_t /Zc:forScope /Fo"Release\\" /Fd"Release\vc100.pdb" /Gd /TP /analyze- /errorReport:prompt main.cpp
         main.cpp
     1>main.cpp(16): warning C4996: 'freopen': This function or variable may be unsafe. Consider using freopen_s instead. To disable deprecation, use _CRT_SECURE_NO_WARNINGS. See online help for details.
                 D:\Programy\Microsoft Visual Studio 10.0\VC\include\stdio.h(249) : see declaration of 'freopen'
       Link:
         D:\Programy\Microsoft Visual Studio 10.0\VC\bin\link.exe /ERRORREPORT:PROMPT /OUT:"D:\Projects\DirectXhook\Release\Hook.dll" /INCREMENTAL:NO /NOLOGO kernel32.lib user32.lib gdi32.lib winspool.lib comdlg32.lib advapi32.lib shell32.lib ole32.lib oleaut32.lib uuid.lib odbc32.lib odbccp32.lib /MANIFEST /ManifestFile:"Release\Hook.dll.intermediate.manifest" /MANIFESTUAC:"level='asInvoker' uiAccess='false'" /DEBUG /PDB:"D:\Projects\DirectXhook\Release\Hook.pdb" /SUBSYSTEM:WINDOWS /OPT:REF /OPT:ICF /LTCG /TLBID:1 /DYNAMICBASE /NXCOMPAT /IMPLIB:"D:\Projects\DirectXhook\Release\Hook.lib" /MACHINE:X86 /DLL Release\main.obj
         Generating code
         Finished generating code
         Hook.vcxproj -> D:\Projects\DirectXhook\Release\Hook.dll
       Manifest:
         C:\Program Files (x86)\Microsoft SDKs\Windows\v7.0A\bin\mt.exe /nologo /verbose /outputresource:"D:\Projects\DirectXhook\Release\Hook.dll;#2" /manifest Release\Hook.dll.intermediate.manifest
       FinalizeBuildStatus:
         Deleting file "Release\Hook.unsuccessfulbuild".
         Touching "Release\Hook.lastbuildstate".
     1>Done Building Project "D:\Projects\DirectXhook\Hook\Hook.vcxproj" (rebuild target(s)).

Build succeeded.

Time Elapsed 00:00:04.39
